May 07 19:42:10 JavaBridge ERROR: An exception occured: java.lang.IndexOutOfBoundsException: Index: 7, Size: 7
java.lang.IndexOutOfBoundsException: Index: 7, Size: 7
	at java.util.ArrayList.rangeCheck(ArrayList.java:635)
	at java.util.ArrayList.set(ArrayList.java:426)
	at engine.AdaptiveLPSEngine.addObservation(AdaptiveLPSEngine.java:85)
	at sun.reflect.NativeMethodAccessorImpl.invoke0(Native Method)
	at sun.reflect.NativeMethodAccessorImpl.invoke(NativeMethodAccessorImpl.java:57)
	at sun.reflect.DelegatingMethodAccessorImpl.invoke(DelegatingMethodAccessorImpl.java:43)
	at java.lang.reflect.Method.invoke(Method.java:606)
	at php.java.bridge.JavaBridge.Invoke(JavaBridge.java:1044)
	at php.java.bridge.Request.handleRequest(Request.java:417)
	at php.java.bridge.Request.handleRequests(Request.java:500)
	at php.java.bridge.JavaBridge.handleRequests(JavaBridge.java:150)
	at php.java.bridge.JavaBridgeRunner.doPut(JavaBridgeRunner.java:207)
	at php.java.bridge.http.HttpServer.service(HttpServer.java:289)
	at php.java.bridge.http.HttpServer$Runner.run(HttpServer.java:205)
	at php.java.bridge.ThreadPool$Delegate.run(ThreadPool.java:60)
May 07 19:42:10 JavaBridge WARNING: 1ba5a755@438cc39e FATAL: Undeclared java.lang.RuntimeException detected. java.lang.Exception: Invoke failed: [[o:AdaptiveLPSEngine]]->addObservation((o:int)[o:Integer]). Cause: java.lang.IndexOutOfBoundsException: Index: 7, Size: 7 VM: 1.7.0_75@http://java.oracle.com/
May 07 19:55:48 JavaBridge ERROR: An exception occured: java.lang.IndexOutOfBoundsException: Index: 7, Size: 7
java.lang.IndexOutOfBoundsException: Index: 7, Size: 7
	at java.util.ArrayList.rangeCheck(ArrayList.java:635)
	at java.util.ArrayList.set(ArrayList.java:426)
	at engine.AdaptiveLPSEngine.addObservation(AdaptiveLPSEngine.java:85)
	at sun.reflect.NativeMethodAccessorImpl.invoke0(Native Method)
	at sun.reflect.NativeMethodAccessorImpl.invoke(NativeMethodAccessorImpl.java:57)
	at sun.reflect.DelegatingMethodAccessorImpl.invoke(DelegatingMethodAccessorImpl.java:43)
	at java.lang.reflect.Method.invoke(Method.java:606)
	at php.java.bridge.JavaBridge.Invoke(JavaBridge.java:1044)
	at php.java.bridge.Request.handleRequest(Request.java:417)
	at php.java.bridge.Request.handleRequests(Request.java:500)
	at php.java.bridge.JavaBridge.handleRequests(JavaBridge.java:150)
	at php.java.bridge.JavaBridgeRunner.doPut(JavaBridgeRunner.java:207)
	at php.java.bridge.http.HttpServer.service(HttpServer.java:289)
	at php.java.bridge.http.HttpServer$Runner.run(HttpServer.java:205)
	at php.java.bridge.ThreadPool$Delegate.run(ThreadPool.java:60)
May 07 19:55:48 JavaBridge WARNING: 54db16d7@438cc39e FATAL: Undeclared java.lang.RuntimeException detected. java.lang.Exception: Invoke failed: [[o:AdaptiveLPSEngine]]->addObservation((o:int)[o:Integer]). Cause: java.lang.IndexOutOfBoundsException: Index: 7, Size: 7 VM: 1.7.0_75@http://java.oracle.com/
